Traceback (most recent call last):
  File "/Users/corrado/opt/anaconda3/envs/pymc/lib/python3.10/site-packages/jupyter_cache/executors/utils.py", line 51, in single_nb_execution
    executenb(
  File "/Users/corrado/opt/anaconda3/envs/pymc/lib/python3.10/site-packages/nbclient/client.py", line 1204, in execute
    return NotebookClient(nb=nb, resources=resources, km=km, **kwargs).execute()
  File "/Users/corrado/opt/anaconda3/envs/pymc/lib/python3.10/site-packages/nbclient/util.py", line 84, in wrapped
    return just_run(coro(*args, **kwargs))
  File "/Users/corrado/opt/anaconda3/envs/pymc/lib/python3.10/site-packages/nbclient/util.py", line 62, in just_run
    return loop.run_until_complete(coro)
  File "/Users/corrado/opt/anaconda3/envs/pymc/lib/python3.10/asyncio/base_events.py", line 649, in run_until_complete
    return future.result()
  File "/Users/corrado/opt/anaconda3/envs/pymc/lib/python3.10/site-packages/nbclient/client.py", line 663, in async_execute
    await self.async_execute_cell(
  File "/Users/corrado/opt/anaconda3/envs/pymc/lib/python3.10/site-packages/nbclient/client.py", line 965, in async_execute_cell
    await self._check_raise_for_error(cell, cell_index, exec_reply)
  File "/Users/corrado/opt/anaconda3/envs/pymc/lib/python3.10/site-packages/nbclient/client.py", line 862, in _check_raise_for_error
    raise CellExecutionError.from_cell_and_msg(cell, exec_reply_content)
nbclient.exceptions.CellExecutionError: An error occurred while executing the following cell:
------------------
variable_1 = (
    variable_2
    + variable_3
    + variable_4
    + variable_5
    + variable_6
    + variable_7
    + variable_8
)

------------------

[0;31m---------------------------------------------------------------------------[0m
[0;31mNameError[0m                                 Traceback (most recent call last)
Cell [0;32mIn[54], line 2[0m
[1;32m      1[0m variable_1 [38;5;241m=[39m (
[0;32m----> 2[0m     [43mvariable_2[49m
[1;32m      3[0m     [38;5;241m+[39m variable_3
[1;32m      4[0m     [38;5;241m+[39m variable_4
[1;32m      5[0m     [38;5;241m+[39m variable_5
[1;32m      6[0m     [38;5;241m+[39m variable_6
[1;32m      7[0m     [38;5;241m+[39m variable_7
[1;32m      8[0m     [38;5;241m+[39m variable_8
[1;32m      9[0m )

[0;31mNameError[0m: name 'variable_2' is not defined
NameError: name 'variable_2' is not defined

