Traceback (most recent call last):
  File "/Users/corrado/opt/anaconda3/envs/pymc/lib/python3.10/site-packages/jupyter_cache/executors/utils.py", line 51, in single_nb_execution
    executenb(
  File "/Users/corrado/opt/anaconda3/envs/pymc/lib/python3.10/site-packages/nbclient/client.py", line 1204, in execute
    return NotebookClient(nb=nb, resources=resources, km=km, **kwargs).execute()
  File "/Users/corrado/opt/anaconda3/envs/pymc/lib/python3.10/site-packages/nbclient/util.py", line 84, in wrapped
    return just_run(coro(*args, **kwargs))
  File "/Users/corrado/opt/anaconda3/envs/pymc/lib/python3.10/site-packages/nbclient/util.py", line 62, in just_run
    return loop.run_until_complete(coro)
  File "/Users/corrado/opt/anaconda3/envs/pymc/lib/python3.10/asyncio/base_events.py", line 649, in run_until_complete
    return future.result()
  File "/Users/corrado/opt/anaconda3/envs/pymc/lib/python3.10/site-packages/nbclient/client.py", line 663, in async_execute
    await self.async_execute_cell(
  File "/Users/corrado/opt/anaconda3/envs/pymc/lib/python3.10/site-packages/nbclient/client.py", line 965, in async_execute_cell
    await self._check_raise_for_error(cell, cell_index, exec_reply)
  File "/Users/corrado/opt/anaconda3/envs/pymc/lib/python3.10/site-packages/nbclient/client.py", line 862, in _check_raise_for_error
    raise CellExecutionError.from_cell_and_msg(cell, exec_reply_content)
nbclient.exceptions.CellExecutionError: An error occurred while executing the following cell:
------------------
import numpy as np
import pandas as pd
from itertools import chain
from matplotlib import pyplot as plt

# replicate and runif
pos = np.random.uniform(-1, 1, (100, 16))

# as_tibble and rbind
pos = pd.DataFrame(pos)
pos.insert(0, 'step', np.arange(17))
------------------

[0;31m---------------------------------------------------------------------------[0m
[0;31mValueError[0m                                Traceback (most recent call last)
Cell [0;32mIn[8], line 11[0m
[1;32m      9[0m [38;5;66;03m# as_tibble and rbind[39;00m
[1;32m     10[0m pos [38;5;241m=[39m pd[38;5;241m.[39mDataFrame(pos)
[0;32m---> 11[0m [43mpos[49m[38;5;241;43m.[39;49m[43minsert[49m[43m([49m[38;5;241;43m0[39;49m[43m,[49m[43m [49m[38;5;124;43m'[39;49m[38;5;124;43mstep[39;49m[38;5;124;43m'[39;49m[43m,[49m[43m [49m[43mnp[49m[38;5;241;43m.[39;49m[43marange[49m[43m([49m[38;5;241;43m17[39;49m[43m)[49m[43m)[49m

File [0;32m~/opt/anaconda3/envs/pymc/lib/python3.10/site-packages/pandas/core/frame.py:4818[0m, in [0;36mDataFrame.insert[0;34m(self, loc, column, value, allow_duplicates)[0m
[1;32m   4815[0m [38;5;28;01mif[39;00m [38;5;129;01mnot[39;00m [38;5;28misinstance[39m(loc, [38;5;28mint[39m):
[1;32m   4816[0m     [38;5;28;01mraise[39;00m [38;5;167;01mTypeError[39;00m([38;5;124m"[39m[38;5;124mloc must be int[39m[38;5;124m"[39m)
[0;32m-> 4818[0m value [38;5;241m=[39m [38;5;28;43mself[39;49m[38;5;241;43m.[39;49m[43m_sanitize_column[49m[43m([49m[43mvalue[49m[43m)[49m
[1;32m   4819[0m [38;5;28mself[39m[38;5;241m.[39m_mgr[38;5;241m.[39minsert(loc, column, value)

File [0;32m~/opt/anaconda3/envs/pymc/lib/python3.10/site-packages/pandas/core/frame.py:4912[0m, in [0;36mDataFrame._sanitize_column[0;34m(self, value)[0m
[1;32m   4909[0m     [38;5;28;01mreturn[39;00m _reindex_for_setitem(Series(value), [38;5;28mself[39m[38;5;241m.[39mindex)
[1;32m   4911[0m [38;5;28;01mif[39;00m is_list_like(value):
[0;32m-> 4912[0m     [43mcom[49m[38;5;241;43m.[39;49m[43mrequire_length_match[49m[43m([49m[43mvalue[49m[43m,[49m[43m [49m[38;5;28;43mself[39;49m[38;5;241;43m.[39;49m[43mindex[49m[43m)[49m
[1;32m   4913[0m [38;5;28;01mreturn[39;00m sanitize_array(value, [38;5;28mself[39m[38;5;241m.[39mindex, copy[38;5;241m=[39m[38;5;28;01mTrue[39;00m, allow_2d[38;5;241m=[39m[38;5;28;01mTrue[39;00m)

File [0;32m~/opt/anaconda3/envs/pymc/lib/python3.10/site-packages/pandas/core/common.py:561[0m, in [0;36mrequire_length_match[0;34m(data, index)[0m
[1;32m    557[0m [38;5;124;03m"""[39;00m
[1;32m    558[0m [38;5;124;03mCheck the length of data matches the length of the index.[39;00m
[1;32m    559[0m [38;5;124;03m"""[39;00m
[1;32m    560[0m [38;5;28;01mif[39;00m [38;5;28mlen[39m(data) [38;5;241m!=[39m [38;5;28mlen[39m(index):
[0;32m--> 561[0m     [38;5;28;01mraise[39;00m [38;5;167;01mValueError[39;00m(
[1;32m    562[0m         [38;5;124m"[39m[38;5;124mLength of values [39m[38;5;124m"[39m
[1;32m    563[0m         [38;5;124mf[39m[38;5;124m"[39m[38;5;124m([39m[38;5;132;01m{[39;00m[38;5;28mlen[39m(data)[38;5;132;01m}[39;00m[38;5;124m) [39m[38;5;124m"[39m
[1;32m    564[0m         [38;5;124m"[39m[38;5;124mdoes not match length of index [39m[38;5;124m"[39m
[1;32m    565[0m         [38;5;124mf[39m[38;5;124m"[39m[38;5;124m([39m[38;5;132;01m{[39;00m[38;5;28mlen[39m(index)[38;5;132;01m}[39;00m[38;5;124m)[39m[38;5;124m"[39m
[1;32m    566[0m     )

[0;31mValueError[0m: Length of values (17) does not match length of index (100)
ValueError: Length of values (17) does not match length of index (100)

