Traceback (most recent call last):
  File "/Users/corrado/opt/anaconda3/envs/pymc/lib/python3.10/site-packages/jupyter_cache/executors/utils.py", line 51, in single_nb_execution
    executenb(
  File "/Users/corrado/opt/anaconda3/envs/pymc/lib/python3.10/site-packages/nbclient/client.py", line 1204, in execute
    return NotebookClient(nb=nb, resources=resources, km=km, **kwargs).execute()
  File "/Users/corrado/opt/anaconda3/envs/pymc/lib/python3.10/site-packages/nbclient/util.py", line 84, in wrapped
    return just_run(coro(*args, **kwargs))
  File "/Users/corrado/opt/anaconda3/envs/pymc/lib/python3.10/site-packages/nbclient/util.py", line 62, in just_run
    return loop.run_until_complete(coro)
  File "/Users/corrado/opt/anaconda3/envs/pymc/lib/python3.10/asyncio/base_events.py", line 649, in run_until_complete
    return future.result()
  File "/Users/corrado/opt/anaconda3/envs/pymc/lib/python3.10/site-packages/nbclient/client.py", line 663, in async_execute
    await self.async_execute_cell(
  File "/Users/corrado/opt/anaconda3/envs/pymc/lib/python3.10/site-packages/nbclient/client.py", line 965, in async_execute_cell
    await self._check_raise_for_error(cell, cell_index, exec_reply)
  File "/Users/corrado/opt/anaconda3/envs/pymc/lib/python3.10/site-packages/nbclient/client.py", line 862, in _check_raise_for_error
    raise CellExecutionError.from_cell_and_msg(cell, exec_reply_content)
nbclient.exceptions.CellExecutionError: An error occurred while executing the following cell:
------------------
%matplotlib inline
plt.rc('figure', figsize=(5.0, 5.0/golden))
sns.set_theme()
sns.set_palette("colorblind")
SEED = 42
rng = np.random.default_rng(SEED)
------------------

[0;31m---------------------------------------------------------------------------[0m
[0;31mNameError[0m                                 Traceback (most recent call last)
Cell [0;32mIn[2], line 2[0m
[1;32m      1[0m get_ipython()[38;5;241m.[39mrun_line_magic([38;5;124m'[39m[38;5;124mmatplotlib[39m[38;5;124m'[39m, [38;5;124m'[39m[38;5;124minline[39m[38;5;124m'[39m)
[0;32m----> 2[0m plt[38;5;241m.[39mrc([38;5;124m'[39m[38;5;124mfigure[39m[38;5;124m'[39m, figsize[38;5;241m=[39m([38;5;241m5.0[39m, [38;5;241m5.0[39m[38;5;241m/[39m[43mgolden[49m))
[1;32m      3[0m sns[38;5;241m.[39mset_theme()
[1;32m      4[0m sns[38;5;241m.[39mset_palette([38;5;124m"[39m[38;5;124mcolorblind[39m[38;5;124m"[39m)

[0;31mNameError[0m: name 'golden' is not defined
NameError: name 'golden' is not defined

